<?xml version="1.0" encoding="UTF-8"?>
<!-- Generated by org.testng.reporters.JUnitReportReporter -->
<testsuite hostname="DESKTOP-DMQONCG" failures="0" tests="3" name="LiberaryAPI" time="2.904" errors="0" timestamp="2025-06-14T11:53:29 IST" skipped="0">
  <testcase classname="LiberaryAPI" name="addBook" time="2.261"/>
  <testcase classname="LiberaryAPI" name="addBook" time="0.308"/>
  <testcase classname="LiberaryAPI" name="addBook" time="0.335"/>
</testsuite> <!-- LiberaryAPI -->
