<?xml version="1.0" encoding="UTF-8"?>
<!-- Generated by org.testng.reporters.JUnitReportReporter -->
<testsuite hostname="DESKTOP-DMQONCG" failures="0" tests="1" name="MapAPI_POJO_Serialization" time="2.512" errors="0" timestamp="2025-08-17T09:44:23 IST" skipped="0">
  <testcase classname="MapAPI_POJO_Serialization" name="addPlace" time="2.512"/>
</testsuite> <!-- MapAPI_POJO_Serialization -->
