<?xml version="1.0" encoding="UTF-8"?>
<!-- Generated by org.testng.reporters.JUnitReportReporter -->
<testsuite hostname="DESKTOP-DMQONCG" failures="0" tests="1" name="SumValidationTest" time="1.930" errors="0" timestamp="2025-06-08T14:04:21 IST" skipped="0">
  <testcase classname="SumValidationTest" name="sumOfCourse" time="1.930"/>
</testsuite> <!-- SumValidationTest -->
