<?xml version="1.0" encoding="UTF-8"?>
<!-- Generated by org.testng.reporters.JUnitReportReporter -->
<testsuite hostname="DESKTOP-DMQONCG" failures="0" tests="1" name="MapAPI_POJO_Serialization" time="2.555" errors="0" timestamp="2025-06-29T17:44:14 IST" skipped="0">
  <testcase classname="MapAPI_POJO_Serialization" name="addPlace" time="2.555"/>
</testsuite> <!-- MapAPI_POJO_Serialization -->
