<?xml version="1.0" encoding="UTF-8"?>
<!-- Generated by org.testng.reporters.JUnitReportReporter -->
<testsuite hostname="DESKTOP-DMQONCG" failures="0" tests="1" name="ClientCredOAuth" time="2.638" errors="0" timestamp="2025-06-15T17:19:35 IST" skipped="0">
  <testcase classname="ClientCredOAuth" name="createIssue" time="2.638"/>
</testsuite> <!-- ClientCredOAuth -->
