<?xml version="1.0" encoding="UTF-8"?>
<!-- Generated by org.testng.reporters.JUnitReportReporter -->
<testsuite hostname="DESKTOP-DMQONCG" failures="0" tests="1" name="JiraAPI" time="5.143" errors="0" timestamp="2025-06-14T19:17:43 IST" skipped="0">
  <testcase classname="JiraAPI" name="createIssue" time="5.143"/>
</testsuite> <!-- JiraAPI -->
